2019-11-11 08:50:38 Notice: Notice (8): Undefined variable: rand in [/mnt/stor14-wc1-ord1/946923/framework.oxfordcommunications.com/web/content/app/View/Layouts/default.ctp, line 16]
Trace:
ErrorHandler::handleError() - CORE/Cake/Error/ErrorHandler.php, line 230
include - APP/View/Layouts/default.ctp, line 16
View::_evaluate() - CORE/Cake/View/View.php, line 971
View::_render() - CORE/Cake/View/View.php, line 933
View::renderLayout() - CORE/Cake/View/View.php, line 546
View::render() - CORE/Cake/View/View.php, line 481
Controller::render() - CORE/Cake/Controller/Controller.php, line 963
Dispatcher::_invoke() - CORE/Cake/Routing/Dispatcher.php, line 200
Dispatcher::dispatch() - CORE/Cake/Routing/Dispatcher.php, line 167
[main] - APP/webroot/index.php, line 110

2019-11-11 08:50:38 Notice: Notice (8): Undefined variable: rand in [/mnt/stor14-wc1-ord1/946923/framework.oxfordcommunications.com/web/content/app/View/Layouts/default.ctp, line 17]
Trace:
ErrorHandler::handleError() - CORE/Cake/Error/ErrorHandler.php, line 230
include - APP/View/Layouts/default.ctp, line 17
View::_evaluate() - CORE/Cake/View/View.php, line 971
View::_render() - CORE/Cake/View/View.php, line 933
View::renderLayout() - CORE/Cake/View/View.php, line 546
View::render() - CORE/Cake/View/View.php, line 481
Controller::render() - CORE/Cake/Controller/Controller.php, line 963
Dispatcher::_invoke() - CORE/Cake/Routing/Dispatcher.php, line 200
Dispatcher::dispatch() - CORE/Cake/Routing/Dispatcher.php, line 167
[main] - APP/webroot/index.php, line 110

2019-11-11 08:50:38 Notice: Notice (8): Undefined variable: rand in [/mnt/stor14-wc1-ord1/946923/framework.oxfordcommunications.com/web/content/app/View/Layouts/default.ctp, line 18]
Trace:
ErrorHandler::handleError() - CORE/Cake/Error/ErrorHandler.php, line 230
include - APP/View/Layouts/default.ctp, line 18
View::_evaluate() - CORE/Cake/View/View.php, line 971
View::_render() - CORE/Cake/View/View.php, line 933
View::renderLayout() - CORE/Cake/View/View.php, line 546
View::render() - CORE/Cake/View/View.php, line 481
Controller::render() - CORE/Cake/Controller/Controller.php, line 963
Dispatcher::_invoke() - CORE/Cake/Routing/Dispatcher.php, line 200
Dispatcher::dispatch() - CORE/Cake/Routing/Dispatcher.php, line 167
[main] - APP/webroot/index.php, line 110

2019-11-11 08:50:38 Notice: Notice (8): Undefined variable: rand in [/mnt/stor14-wc1-ord1/946923/framework.oxfordcommunications.com/web/content/app/View/Layouts/default.ctp, line 19]
Trace:
ErrorHandler::handleError() - CORE/Cake/Error/ErrorHandler.php, line 230
include - APP/View/Layouts/default.ctp, line 19
View::_evaluate() - CORE/Cake/View/View.php, line 971
View::_render() - CORE/Cake/View/View.php, line 933
View::renderLayout() - CORE/Cake/View/View.php, line 546
View::render() - CORE/Cake/View/View.php, line 481
Controller::render() - CORE/Cake/Controller/Controller.php, line 963
Dispatcher::_invoke() - CORE/Cake/Routing/Dispatcher.php, line 200
Dispatcher::dispatch() - CORE/Cake/Routing/Dispatcher.php, line 167
[main] - APP/webroot/index.php, line 110

2019-11-11 08:50:38 Notice: Notice (8): Undefined variable: rand in [/mnt/stor14-wc1-ord1/946923/framework.oxfordcommunications.com/web/content/app/View/Layouts/default.ctp, line 20]
Trace:
ErrorHandler::handleError() - CORE/Cake/Error/ErrorHandler.php, line 230
include - APP/View/Layouts/default.ctp, line 20
View::_evaluate() - CORE/Cake/View/View.php, line 971
View::_render() - CORE/Cake/View/View.php, line 933
View::renderLayout() - CORE/Cake/View/View.php, line 546
View::render() - CORE/Cake/View/View.php, line 481
Controller::render() - CORE/Cake/Controller/Controller.php, line 963
Dispatcher::_invoke() - CORE/Cake/Routing/Dispatcher.php, line 200
Dispatcher::dispatch() - CORE/Cake/Routing/Dispatcher.php, line 167
[main] - APP/webroot/index.php, line 110

2019-11-11 08:50:41 Notice: Notice (8): Undefined variable: rand in [/mnt/stor14-wc1-ord1/946923/framework.oxfordcommunications.com/web/content/app/View/Layouts/default.ctp, line 16]
Trace:
ErrorHandler::handleError() - CORE/Cake/Error/ErrorHandler.php, line 230
include - APP/View/Layouts/default.ctp, line 16
View::_evaluate() - CORE/Cake/View/View.php, line 971
View::_render() - CORE/Cake/View/View.php, line 933
View::renderLayout() - CORE/Cake/View/View.php, line 546
View::render() - CORE/Cake/View/View.php, line 481
Controller::render() - CORE/Cake/Controller/Controller.php, line 963
ExceptionRenderer::_outputMessage() - CORE/Cake/Error/ExceptionRenderer.php, line 292
ExceptionRenderer::error500() - CORE/Cake/Error/ExceptionRenderer.php, line 260
ExceptionRenderer::render() - CORE/Cake/Error/ExceptionRenderer.php, line 190
ErrorHandler::handleException() - CORE/Cake/Error/ErrorHandler.php, line 127
[main] - [internal], line ??

2019-11-11 08:50:41 Notice: Notice (8): Undefined variable: rand in [/mnt/stor14-wc1-ord1/946923/framework.oxfordcommunications.com/web/content/app/View/Layouts/default.ctp, line 17]
Trace:
ErrorHandler::handleError() - CORE/Cake/Error/ErrorHandler.php, line 230
include - APP/View/Layouts/default.ctp, line 17
View::_evaluate() - CORE/Cake/View/View.php, line 971
View::_render() - CORE/Cake/View/View.php, line 933
View::renderLayout() - CORE/Cake/View/View.php, line 546
View::render() - CORE/Cake/View/View.php, line 481
Controller::render() - CORE/Cake/Controller/Controller.php, line 963
ExceptionRenderer::_outputMessage() - CORE/Cake/Error/ExceptionRenderer.php, line 292
ExceptionRenderer::error500() - CORE/Cake/Error/ExceptionRenderer.php, line 260
ExceptionRenderer::render() - CORE/Cake/Error/ExceptionRenderer.php, line 190
ErrorHandler::handleException() - CORE/Cake/Error/ErrorHandler.php, line 127
[main] - [internal], line ??

2019-11-11 08:50:41 Notice: Notice (8): Undefined variable: rand in [/mnt/stor14-wc1-ord1/946923/framework.oxfordcommunications.com/web/content/app/View/Layouts/default.ctp, line 18]
Trace:
ErrorHandler::handleError() - CORE/Cake/Error/ErrorHandler.php, line 230
include - APP/View/Layouts/default.ctp, line 18
View::_evaluate() - CORE/Cake/View/View.php, line 971
View::_render() - CORE/Cake/View/View.php, line 933
View::renderLayout() - CORE/Cake/View/View.php, line 546
View::render() - CORE/Cake/View/View.php, line 481
Controller::render() - CORE/Cake/Controller/Controller.php, line 963
ExceptionRenderer::_outputMessage() - CORE/Cake/Error/ExceptionRenderer.php, line 292
ExceptionRenderer::error500() - CORE/Cake/Error/ExceptionRenderer.php, line 260
ExceptionRenderer::render() - CORE/Cake/Error/ExceptionRenderer.php, line 190
ErrorHandler::handleException() - CORE/Cake/Error/ErrorHandler.php, line 127
[main] - [internal], line ??

2019-11-11 08:50:41 Notice: Notice (8): Undefined variable: rand in [/mnt/stor14-wc1-ord1/946923/framework.oxfordcommunications.com/web/content/app/View/Layouts/default.ctp, line 19]
Trace:
ErrorHandler::handleError() - CORE/Cake/Error/ErrorHandler.php, line 230
include - APP/View/Layouts/default.ctp, line 19
View::_evaluate() - CORE/Cake/View/View.php, line 971
View::_render() - CORE/Cake/View/View.php, line 933
View::renderLayout() - CORE/Cake/View/View.php, line 546
View::render() - CORE/Cake/View/View.php, line 481
Controller::render() - CORE/Cake/Controller/Controller.php, line 963
ExceptionRenderer::_outputMessage() - CORE/Cake/Error/ExceptionRenderer.php, line 292
ExceptionRenderer::error500() - CORE/Cake/Error/ExceptionRenderer.php, line 260
ExceptionRenderer::render() - CORE/Cake/Error/ExceptionRenderer.php, line 190
ErrorHandler::handleException() - CORE/Cake/Error/ErrorHandler.php, line 127
[main] - [internal], line ??

2019-11-11 08:50:41 Notice: Notice (8): Undefined variable: rand in [/mnt/stor14-wc1-ord1/946923/framework.oxfordcommunications.com/web/content/app/View/Layouts/default.ctp, line 20]
Trace:
ErrorHandler::handleError() - CORE/Cake/Error/ErrorHandler.php, line 230
include - APP/View/Layouts/default.ctp, line 20
View::_evaluate() - CORE/Cake/View/View.php, line 971
View::_render() - CORE/Cake/View/View.php, line 933
View::renderLayout() - CORE/Cake/View/View.php, line 546
View::render() - CORE/Cake/View/View.php, line 481
Controller::render() - CORE/Cake/Controller/Controller.php, line 963
ExceptionRenderer::_outputMessage() - CORE/Cake/Error/ExceptionRenderer.php, line 292
ExceptionRenderer::error500() - CORE/Cake/Error/ExceptionRenderer.php, line 260
ExceptionRenderer::render() - CORE/Cake/Error/ExceptionRenderer.php, line 190
ErrorHandler::handleException() - CORE/Cake/Error/ErrorHandler.php, line 127
[main] - [internal], line ??

2019-11-11 08:50:44 Notice: Notice (8): Undefined variable: rand in [/mnt/stor14-wc1-ord1/946923/framework.oxfordcommunications.com/web/content/app/View/Layouts/default.ctp, line 16]
Trace:
ErrorHandler::handleError() - CORE/Cake/Error/ErrorHandler.php, line 230
include - APP/View/Layouts/default.ctp, line 16
View::_evaluate() - CORE/Cake/View/View.php, line 971
View::_render() - CORE/Cake/View/View.php, line 933
View::renderLayout() - CORE/Cake/View/View.php, line 546
View::render() - CORE/Cake/View/View.php, line 481
Controller::render() - CORE/Cake/Controller/Controller.php, line 963
ExceptionRenderer::_outputMessage() - CORE/Cake/Error/ExceptionRenderer.php, line 292
ExceptionRenderer::error500() - CORE/Cake/Error/ExceptionRenderer.php, line 260
ExceptionRenderer::render() - CORE/Cake/Error/ExceptionRenderer.php, line 190
ErrorHandler::handleException() - CORE/Cake/Error/ErrorHandler.php, line 127
[main] - [internal], line ??

2019-11-11 08:50:44 Notice: Notice (8): Undefined variable: rand in [/mnt/stor14-wc1-ord1/946923/framework.oxfordcommunications.com/web/content/app/View/Layouts/default.ctp, line 17]
Trace:
ErrorHandler::handleError() - CORE/Cake/Error/ErrorHandler.php, line 230
include - APP/View/Layouts/default.ctp, line 17
View::_evaluate() - CORE/Cake/View/View.php, line 971
View::_render() - CORE/Cake/View/View.php, line 933
View::renderLayout() - CORE/Cake/View/View.php, line 546
View::render() - CORE/Cake/View/View.php, line 481
Controller::render() - CORE/Cake/Controller/Controller.php, line 963
ExceptionRenderer::_outputMessage() - CORE/Cake/Error/ExceptionRenderer.php, line 292
ExceptionRenderer::error500() - CORE/Cake/Error/ExceptionRenderer.php, line 260
ExceptionRenderer::render() - CORE/Cake/Error/ExceptionRenderer.php, line 190
ErrorHandler::handleException() - CORE/Cake/Error/ErrorHandler.php, line 127
[main] - [internal], line ??

2019-11-11 08:50:44 Notice: Notice (8): Undefined variable: rand in [/mnt/stor14-wc1-ord1/946923/framework.oxfordcommunications.com/web/content/app/View/Layouts/default.ctp, line 18]
Trace:
ErrorHandler::handleError() - CORE/Cake/Error/ErrorHandler.php, line 230
include - APP/View/Layouts/default.ctp, line 18
View::_evaluate() - CORE/Cake/View/View.php, line 971
View::_render() - CORE/Cake/View/View.php, line 933
View::renderLayout() - CORE/Cake/View/View.php, line 546
View::render() - CORE/Cake/View/View.php, line 481
Controller::render() - CORE/Cake/Controller/Controller.php, line 963
ExceptionRenderer::_outputMessage() - CORE/Cake/Error/ExceptionRenderer.php, line 292
ExceptionRenderer::error500() - CORE/Cake/Error/ExceptionRenderer.php, line 260
ExceptionRenderer::render() - CORE/Cake/Error/ExceptionRenderer.php, line 190
ErrorHandler::handleException() - CORE/Cake/Error/ErrorHandler.php, line 127
[main] - [internal], line ??

2019-11-11 08:50:44 Notice: Notice (8): Undefined variable: rand in [/mnt/stor14-wc1-ord1/946923/framework.oxfordcommunications.com/web/content/app/View/Layouts/default.ctp, line 19]
Trace:
ErrorHandler::handleError() - CORE/Cake/Error/ErrorHandler.php, line 230
include - APP/View/Layouts/default.ctp, line 19
View::_evaluate() - CORE/Cake/View/View.php, line 971
View::_render() - CORE/Cake/View/View.php, line 933
View::renderLayout() - CORE/Cake/View/View.php, line 546
View::render() - CORE/Cake/View/View.php, line 481
Controller::render() - CORE/Cake/Controller/Controller.php, line 963
ExceptionRenderer::_outputMessage() - CORE/Cake/Error/ExceptionRenderer.php, line 292
ExceptionRenderer::error500() - CORE/Cake/Error/ExceptionRenderer.php, line 260
ExceptionRenderer::render() - CORE/Cake/Error/ExceptionRenderer.php, line 190
ErrorHandler::handleException() - CORE/Cake/Error/ErrorHandler.php, line 127
[main] - [internal], line ??

2019-11-11 08:50:44 Notice: Notice (8): Undefined variable: rand in [/mnt/stor14-wc1-ord1/946923/framework.oxfordcommunications.com/web/content/app/View/Layouts/default.ctp, line 20]
Trace:
ErrorHandler::handleError() - CORE/Cake/Error/ErrorHandler.php, line 230
include - APP/View/Layouts/default.ctp, line 20
View::_evaluate() - CORE/Cake/View/View.php, line 971
View::_render() - CORE/Cake/View/View.php, line 933
View::renderLayout() - CORE/Cake/View/View.php, line 546
View::render() - CORE/Cake/View/View.php, line 481
Controller::render() - CORE/Cake/Controller/Controller.php, line 963
ExceptionRenderer::_outputMessage() - CORE/Cake/Error/ExceptionRenderer.php, line 292
ExceptionRenderer::error500() - CORE/Cake/Error/ExceptionRenderer.php, line 260
ExceptionRenderer::render() - CORE/Cake/Error/ExceptionRenderer.php, line 190
ErrorHandler::handleException() - CORE/Cake/Error/ErrorHandler.php, line 127
[main] - [internal], line ??

2019-11-11 08:51:29 Notice: Notice (8): Undefined variable: rand in [/mnt/stor14-wc1-ord1/946923/framework.oxfordcommunications.com/web/content/app/View/Layouts/default.ctp, line 16]
Trace:
ErrorHandler::handleError() - CORE/Cake/Error/ErrorHandler.php, line 230
include - APP/View/Layouts/default.ctp, line 16
View::_evaluate() - CORE/Cake/View/View.php, line 971
View::_render() - CORE/Cake/View/View.php, line 933
View::renderLayout() - CORE/Cake/View/View.php, line 546
View::render() - CORE/Cake/View/View.php, line 481
Controller::render() - CORE/Cake/Controller/Controller.php, line 963
Dispatcher::_invoke() - CORE/Cake/Routing/Dispatcher.php, line 200
Dispatcher::dispatch() - CORE/Cake/Routing/Dispatcher.php, line 167
[main] - APP/webroot/index.php, line 110

2019-11-11 08:51:29 Notice: Notice (8): Undefined variable: rand in [/mnt/stor14-wc1-ord1/946923/framework.oxfordcommunications.com/web/content/app/View/Layouts/default.ctp, line 17]
Trace:
ErrorHandler::handleError() - CORE/Cake/Error/ErrorHandler.php, line 230
include - APP/View/Layouts/default.ctp, line 17
View::_evaluate() - CORE/Cake/View/View.php, line 971
View::_render() - CORE/Cake/View/View.php, line 933
View::renderLayout() - CORE/Cake/View/View.php, line 546
View::render() - CORE/Cake/View/View.php, line 481
Controller::render() - CORE/Cake/Controller/Controller.php, line 963
Dispatcher::_invoke() - CORE/Cake/Routing/Dispatcher.php, line 200
Dispatcher::dispatch() - CORE/Cake/Routing/Dispatcher.php, line 167
[main] - APP/webroot/index.php, line 110

2019-11-11 08:51:29 Notice: Notice (8): Undefined variable: rand in [/mnt/stor14-wc1-ord1/946923/framework.oxfordcommunications.com/web/content/app/View/Layouts/default.ctp, line 18]
Trace:
ErrorHandler::handleError() - CORE/Cake/Error/ErrorHandler.php, line 230
include - APP/View/Layouts/default.ctp, line 18
View::_evaluate() - CORE/Cake/View/View.php, line 971
View::_render() - CORE/Cake/View/View.php, line 933
View::renderLayout() - CORE/Cake/View/View.php, line 546
View::render() - CORE/Cake/View/View.php, line 481
Controller::render() - CORE/Cake/Controller/Controller.php, line 963
Dispatcher::_invoke() - CORE/Cake/Routing/Dispatcher.php, line 200
Dispatcher::dispatch() - CORE/Cake/Routing/Dispatcher.php, line 167
[main] - APP/webroot/index.php, line 110

2019-11-11 08:51:29 Notice: Notice (8): Undefined variable: rand in [/mnt/stor14-wc1-ord1/946923/framework.oxfordcommunications.com/web/content/app/View/Layouts/default.ctp, line 19]
Trace:
ErrorHandler::handleError() - CORE/Cake/Error/ErrorHandler.php, line 230
include - APP/View/Layouts/default.ctp, line 19
View::_evaluate() - CORE/Cake/View/View.php, line 971
View::_render() - CORE/Cake/View/View.php, line 933
View::renderLayout() - CORE/Cake/View/View.php, line 546
View::render() - CORE/Cake/View/View.php, line 481
Controller::render() - CORE/Cake/Controller/Controller.php, line 963
Dispatcher::_invoke() - CORE/Cake/Routing/Dispatcher.php, line 200
Dispatcher::dispatch() - CORE/Cake/Routing/Dispatcher.php, line 167
[main] - APP/webroot/index.php, line 110

2019-11-11 08:51:29 Notice: Notice (8): Undefined variable: rand in [/mnt/stor14-wc1-ord1/946923/framework.oxfordcommunications.com/web/content/app/View/Layouts/default.ctp, line 20]
Trace:
ErrorHandler::handleError() - CORE/Cake/Error/ErrorHandler.php, line 230
include - APP/View/Layouts/default.ctp, line 20
View::_evaluate() - CORE/Cake/View/View.php, line 971
View::_render() - CORE/Cake/View/View.php, line 933
View::renderLayout() - CORE/Cake/View/View.php, line 546
View::render() - CORE/Cake/View/View.php, line 481
Controller::render() - CORE/Cake/Controller/Controller.php, line 963
Dispatcher::_invoke() - CORE/Cake/Routing/Dispatcher.php, line 200
Dispatcher::dispatch() - CORE/Cake/Routing/Dispatcher.php, line 167
[main] - APP/webroot/index.php, line 110

2019-11-11 08:51:45 Notice: Notice (8): Undefined variable: rand in [/mnt/stor14-wc1-ord1/946923/framework.oxfordcommunications.com/web/content/app/View/Layouts/default.ctp, line 16]
Trace:
ErrorHandler::handleError() - CORE/Cake/Error/ErrorHandler.php, line 230
include - APP/View/Layouts/default.ctp, line 16
View::_evaluate() - CORE/Cake/View/View.php, line 971
View::_render() - CORE/Cake/View/View.php, line 933
View::renderLayout() - CORE/Cake/View/View.php, line 546
View::render() - CORE/Cake/View/View.php, line 481
Controller::render() - CORE/Cake/Controller/Controller.php, line 963
Dispatcher::_invoke() - CORE/Cake/Routing/Dispatcher.php, line 200
Dispatcher::dispatch() - CORE/Cake/Routing/Dispatcher.php, line 167
[main] - APP/webroot/index.php, line 110

2019-11-11 08:51:45 Notice: Notice (8): Undefined variable: rand in [/mnt/stor14-wc1-ord1/946923/framework.oxfordcommunications.com/web/content/app/View/Layouts/default.ctp, line 17]
Trace:
ErrorHandler::handleError() - CORE/Cake/Error/ErrorHandler.php, line 230
include - APP/View/Layouts/default.ctp, line 17
View::_evaluate() - CORE/Cake/View/View.php, line 971
View::_render() - CORE/Cake/View/View.php, line 933
View::renderLayout() - CORE/Cake/View/View.php, line 546
View::render() - CORE/Cake/View/View.php, line 481
Controller::render() - CORE/Cake/Controller/Controller.php, line 963
Dispatcher::_invoke() - CORE/Cake/Routing/Dispatcher.php, line 200
Dispatcher::dispatch() - CORE/Cake/Routing/Dispatcher.php, line 167
[main] - APP/webroot/index.php, line 110

2019-11-11 08:51:45 Notice: Notice (8): Undefined variable: rand in [/mnt/stor14-wc1-ord1/946923/framework.oxfordcommunications.com/web/content/app/View/Layouts/default.ctp, line 18]
Trace:
ErrorHandler::handleError() - CORE/Cake/Error/ErrorHandler.php, line 230
include - APP/View/Layouts/default.ctp, line 18
View::_evaluate() - CORE/Cake/View/View.php, line 971
View::_render() - CORE/Cake/View/View.php, line 933
View::renderLayout() - CORE/Cake/View/View.php, line 546
View::render() - CORE/Cake/View/View.php, line 481
Controller::render() - CORE/Cake/Controller/Controller.php, line 963
Dispatcher::_invoke() - CORE/Cake/Routing/Dispatcher.php, line 200
Dispatcher::dispatch() - CORE/Cake/Routing/Dispatcher.php, line 167
[main] - APP/webroot/index.php, line 110

2019-11-11 08:51:45 Notice: Notice (8): Undefined variable: rand in [/mnt/stor14-wc1-ord1/946923/framework.oxfordcommunications.com/web/content/app/View/Layouts/default.ctp, line 19]
Trace:
ErrorHandler::handleError() - CORE/Cake/Error/ErrorHandler.php, line 230
include - APP/View/Layouts/default.ctp, line 19
View::_evaluate() - CORE/Cake/View/View.php, line 971
View::_render() - CORE/Cake/View/View.php, line 933
View::renderLayout() - CORE/Cake/View/View.php, line 546
View::render() - CORE/Cake/View/View.php, line 481
Controller::render() - CORE/Cake/Controller/Controller.php, line 963
Dispatcher::_invoke() - CORE/Cake/Routing/Dispatcher.php, line 200
Dispatcher::dispatch() - CORE/Cake/Routing/Dispatcher.php, line 167
[main] - APP/webroot/index.php, line 110

2019-11-11 08:51:45 Notice: Notice (8): Undefined variable: rand in [/mnt/stor14-wc1-ord1/946923/framework.oxfordcommunications.com/web/content/app/View/Layouts/default.ctp, line 20]
Trace:
ErrorHandler::handleError() - CORE/Cake/Error/ErrorHandler.php, line 230
include - APP/View/Layouts/default.ctp, line 20
View::_evaluate() - CORE/Cake/View/View.php, line 971
View::_render() - CORE/Cake/View/View.php, line 933
View::renderLayout() - CORE/Cake/View/View.php, line 546
View::render() - CORE/Cake/View/View.php, line 481
Controller::render() - CORE/Cake/Controller/Controller.php, line 963
Dispatcher::_invoke() - CORE/Cake/Routing/Dispatcher.php, line 200
Dispatcher::dispatch() - CORE/Cake/Routing/Dispatcher.php, line 167
[main] - APP/webroot/index.php, line 110

2019-11-11 08:51:46 Notice: Notice (8): Undefined variable: rand in [/mnt/stor14-wc1-ord1/946923/framework.oxfordcommunications.com/web/content/app/View/Layouts/default.ctp, line 16]
Trace:
ErrorHandler::handleError() - CORE/Cake/Error/ErrorHandler.php, line 230
include - APP/View/Layouts/default.ctp, line 16
View::_evaluate() - CORE/Cake/View/View.php, line 971
View::_render() - CORE/Cake/View/View.php, line 933
View::renderLayout() - CORE/Cake/View/View.php, line 546
View::render() - CORE/Cake/View/View.php, line 481
Controller::render() - CORE/Cake/Controller/Controller.php, line 963
ExceptionRenderer::_outputMessage() - CORE/Cake/Error/ExceptionRenderer.php, line 292
ExceptionRenderer::error500() - CORE/Cake/Error/ExceptionRenderer.php, line 260
ExceptionRenderer::render() - CORE/Cake/Error/ExceptionRenderer.php, line 190
ErrorHandler::handleException() - CORE/Cake/Error/ErrorHandler.php, line 127
[main] - [internal], line ??

2019-11-11 08:51:46 Notice: Notice (8): Undefined variable: rand in [/mnt/stor14-wc1-ord1/946923/framework.oxfordcommunications.com/web/content/app/View/Layouts/default.ctp, line 17]
Trace:
ErrorHandler::handleError() - CORE/Cake/Error/ErrorHandler.php, line 230
include - APP/View/Layouts/default.ctp, line 17
View::_evaluate() - CORE/Cake/View/View.php, line 971
View::_render() - CORE/Cake/View/View.php, line 933
View::renderLayout() - CORE/Cake/View/View.php, line 546
View::render() - CORE/Cake/View/View.php, line 481
Controller::render() - CORE/Cake/Controller/Controller.php, line 963
ExceptionRenderer::_outputMessage() - CORE/Cake/Error/ExceptionRenderer.php, line 292
ExceptionRenderer::error500() - CORE/Cake/Error/ExceptionRenderer.php, line 260
ExceptionRenderer::render() - CORE/Cake/Error/ExceptionRenderer.php, line 190
ErrorHandler::handleException() - CORE/Cake/Error/ErrorHandler.php, line 127
[main] - [internal], line ??

2019-11-11 08:51:46 Notice: Notice (8): Undefined variable: rand in [/mnt/stor14-wc1-ord1/946923/framework.oxfordcommunications.com/web/content/app/View/Layouts/default.ctp, line 18]
Trace:
ErrorHandler::handleError() - CORE/Cake/Error/ErrorHandler.php, line 230
include - APP/View/Layouts/default.ctp, line 18
View::_evaluate() - CORE/Cake/View/View.php, line 971
View::_render() - CORE/Cake/View/View.php, line 933
View::renderLayout() - CORE/Cake/View/View.php, line 546
View::render() - CORE/Cake/View/View.php, line 481
Controller::render() - CORE/Cake/Controller/Controller.php, line 963
ExceptionRenderer::_outputMessage() - CORE/Cake/Error/ExceptionRenderer.php, line 292
ExceptionRenderer::error500() - CORE/Cake/Error/ExceptionRenderer.php, line 260
ExceptionRenderer::render() - CORE/Cake/Error/ExceptionRenderer.php, line 190
ErrorHandler::handleException() - CORE/Cake/Error/ErrorHandler.php, line 127
[main] - [internal], line ??

2019-11-11 08:51:46 Notice: Notice (8): Undefined variable: rand in [/mnt/stor14-wc1-ord1/946923/framework.oxfordcommunications.com/web/content/app/View/Layouts/default.ctp, line 19]
Trace:
ErrorHandler::handleError() - CORE/Cake/Error/ErrorHandler.php, line 230
include - APP/View/Layouts/default.ctp, line 19
View::_evaluate() - CORE/Cake/View/View.php, line 971
View::_render() - CORE/Cake/View/View.php, line 933
View::renderLayout() - CORE/Cake/View/View.php, line 546
View::render() - CORE/Cake/View/View.php, line 481
Controller::render() - CORE/Cake/Controller/Controller.php, line 963
ExceptionRenderer::_outputMessage() - CORE/Cake/Error/ExceptionRenderer.php, line 292
ExceptionRenderer::error500() - CORE/Cake/Error/ExceptionRenderer.php, line 260
ExceptionRenderer::render() - CORE/Cake/Error/ExceptionRenderer.php, line 190
ErrorHandler::handleException() - CORE/Cake/Error/ErrorHandler.php, line 127
[main] - [internal], line ??

2019-11-11 08:51:46 Notice: Notice (8): Undefined variable: rand in [/mnt/stor14-wc1-ord1/946923/framework.oxfordcommunications.com/web/content/app/View/Layouts/default.ctp, line 20]
Trace:
ErrorHandler::handleError() - CORE/Cake/Error/ErrorHandler.php, line 230
include - APP/View/Layouts/default.ctp, line 20
View::_evaluate() - CORE/Cake/View/View.php, line 971
View::_render() - CORE/Cake/View/View.php, line 933
View::renderLayout() - CORE/Cake/View/View.php, line 546
View::render() - CORE/Cake/View/View.php, line 481
Controller::render() - CORE/Cake/Controller/Controller.php, line 963
ExceptionRenderer::_outputMessage() - CORE/Cake/Error/ExceptionRenderer.php, line 292
ExceptionRenderer::error500() - CORE/Cake/Error/ExceptionRenderer.php, line 260
ExceptionRenderer::render() - CORE/Cake/Error/ExceptionRenderer.php, line 190
ErrorHandler::handleException() - CORE/Cake/Error/ErrorHandler.php, line 127
[main] - [internal], line ??

2019-11-11 08:51:48 Notice: Notice (8): Undefined variable: rand in [/mnt/stor14-wc1-ord1/946923/framework.oxfordcommunications.com/web/content/app/View/Layouts/default.ctp, line 16]
Trace:
ErrorHandler::handleError() - CORE/Cake/Error/ErrorHandler.php, line 230
include - APP/View/Layouts/default.ctp, line 16
View::_evaluate() - CORE/Cake/View/View.php, line 971
View::_render() - CORE/Cake/View/View.php, line 933
View::renderLayout() - CORE/Cake/View/View.php, line 546
View::render() - CORE/Cake/View/View.php, line 481
Controller::render() - CORE/Cake/Controller/Controller.php, line 963
ExceptionRenderer::_outputMessage() - CORE/Cake/Error/ExceptionRenderer.php, line 292
ExceptionRenderer::error500() - CORE/Cake/Error/ExceptionRenderer.php, line 260
ExceptionRenderer::render() - CORE/Cake/Error/ExceptionRenderer.php, line 190
ErrorHandler::handleException() - CORE/Cake/Error/ErrorHandler.php, line 127
[main] - [internal], line ??

2019-11-11 08:51:48 Notice: Notice (8): Undefined variable: rand in [/mnt/stor14-wc1-ord1/946923/framework.oxfordcommunications.com/web/content/app/View/Layouts/default.ctp, line 17]
Trace:
ErrorHandler::handleError() - CORE/Cake/Error/ErrorHandler.php, line 230
include - APP/View/Layouts/default.ctp, line 17
View::_evaluate() - CORE/Cake/View/View.php, line 971
View::_render() - CORE/Cake/View/View.php, line 933
View::renderLayout() - CORE/Cake/View/View.php, line 546
View::render() - CORE/Cake/View/View.php, line 481
Controller::render() - CORE/Cake/Controller/Controller.php, line 963
ExceptionRenderer::_outputMessage() - CORE/Cake/Error/ExceptionRenderer.php, line 292
ExceptionRenderer::error500() - CORE/Cake/Error/ExceptionRenderer.php, line 260
ExceptionRenderer::render() - CORE/Cake/Error/ExceptionRenderer.php, line 190
ErrorHandler::handleException() - CORE/Cake/Error/ErrorHandler.php, line 127
[main] - [internal], line ??

2019-11-11 08:51:48 Notice: Notice (8): Undefined variable: rand in [/mnt/stor14-wc1-ord1/946923/framework.oxfordcommunications.com/web/content/app/View/Layouts/default.ctp, line 18]
Trace:
ErrorHandler::handleError() - CORE/Cake/Error/ErrorHandler.php, line 230
include - APP/View/Layouts/default.ctp, line 18
View::_evaluate() - CORE/Cake/View/View.php, line 971
View::_render() - CORE/Cake/View/View.php, line 933
View::renderLayout() - CORE/Cake/View/View.php, line 546
View::render() - CORE/Cake/View/View.php, line 481
Controller::render() - CORE/Cake/Controller/Controller.php, line 963
ExceptionRenderer::_outputMessage() - CORE/Cake/Error/ExceptionRenderer.php, line 292
ExceptionRenderer::error500() - CORE/Cake/Error/ExceptionRenderer.php, line 260
ExceptionRenderer::render() - CORE/Cake/Error/ExceptionRenderer.php, line 190
ErrorHandler::handleException() - CORE/Cake/Error/ErrorHandler.php, line 127
[main] - [internal], line ??

2019-11-11 08:51:48 Notice: Notice (8): Undefined variable: rand in [/mnt/stor14-wc1-ord1/946923/framework.oxfordcommunications.com/web/content/app/View/Layouts/default.ctp, line 19]
Trace:
ErrorHandler::handleError() - CORE/Cake/Error/ErrorHandler.php, line 230
include - APP/View/Layouts/default.ctp, line 19
View::_evaluate() - CORE/Cake/View/View.php, line 971
View::_render() - CORE/Cake/View/View.php, line 933
View::renderLayout() - CORE/Cake/View/View.php, line 546
View::render() - CORE/Cake/View/View.php, line 481
Controller::render() - CORE/Cake/Controller/Controller.php, line 963
ExceptionRenderer::_outputMessage() - CORE/Cake/Error/ExceptionRenderer.php, line 292
ExceptionRenderer::error500() - CORE/Cake/Error/ExceptionRenderer.php, line 260
ExceptionRenderer::render() - CORE/Cake/Error/ExceptionRenderer.php, line 190
ErrorHandler::handleException() - CORE/Cake/Error/ErrorHandler.php, line 127
[main] - [internal], line ??

2019-11-11 08:51:48 Notice: Notice (8): Undefined variable: rand in [/mnt/stor14-wc1-ord1/946923/framework.oxfordcommunications.com/web/content/app/View/Layouts/default.ctp, line 20]
Trace:
ErrorHandler::handleError() - CORE/Cake/Error/ErrorHandler.php, line 230
include - APP/View/Layouts/default.ctp, line 20
View::_evaluate() - CORE/Cake/View/View.php, line 971
View::_render() - CORE/Cake/View/View.php, line 933
View::renderLayout() - CORE/Cake/View/View.php, line 546
View::render() - CORE/Cake/View/View.php, line 481
Controller::render() - CORE/Cake/Controller/Controller.php, line 963
ExceptionRenderer::_outputMessage() - CORE/Cake/Error/ExceptionRenderer.php, line 292
ExceptionRenderer::error500() - CORE/Cake/Error/ExceptionRenderer.php, line 260
ExceptionRenderer::render() - CORE/Cake/Error/ExceptionRenderer.php, line 190
ErrorHandler::handleException() - CORE/Cake/Error/ErrorHandler.php, line 127
[main] - [internal], line ??

2019-11-11 08:51:52 Notice: Notice (8): Undefined variable: rand in [/mnt/stor14-wc1-ord1/946923/framework.oxfordcommunications.com/web/content/app/View/Layouts/default.ctp, line 16]
Trace:
ErrorHandler::handleError() - CORE/Cake/Error/ErrorHandler.php, line 230
include - APP/View/Layouts/default.ctp, line 16
View::_evaluate() - CORE/Cake/View/View.php, line 971
View::_render() - CORE/Cake/View/View.php, line 933
View::renderLayout() - CORE/Cake/View/View.php, line 546
View::render() - CORE/Cake/View/View.php, line 481
Controller::render() - CORE/Cake/Controller/Controller.php, line 963
Dispatcher::_invoke() - CORE/Cake/Routing/Dispatcher.php, line 200
Dispatcher::dispatch() - CORE/Cake/Routing/Dispatcher.php, line 167
[main] - APP/webroot/index.php, line 110

2019-11-11 08:51:52 Notice: Notice (8): Undefined variable: rand in [/mnt/stor14-wc1-ord1/946923/framework.oxfordcommunications.com/web/content/app/View/Layouts/default.ctp, line 17]
Trace:
ErrorHandler::handleError() - CORE/Cake/Error/ErrorHandler.php, line 230
include - APP/View/Layouts/default.ctp, line 17
View::_evaluate() - CORE/Cake/View/View.php, line 971
View::_render() - CORE/Cake/View/View.php, line 933
View::renderLayout() - CORE/Cake/View/View.php, line 546
View::render() - CORE/Cake/View/View.php, line 481
Controller::render() - CORE/Cake/Controller/Controller.php, line 963
Dispatcher::_invoke() - CORE/Cake/Routing/Dispatcher.php, line 200
Dispatcher::dispatch() - CORE/Cake/Routing/Dispatcher.php, line 167
[main] - APP/webroot/index.php, line 110

2019-11-11 08:51:52 Notice: Notice (8): Undefined variable: rand in [/mnt/stor14-wc1-ord1/946923/framework.oxfordcommunications.com/web/content/app/View/Layouts/default.ctp, line 18]
Trace:
ErrorHandler::handleError() - CORE/Cake/Error/ErrorHandler.php, line 230
include - APP/View/Layouts/default.ctp, line 18
View::_evaluate() - CORE/Cake/View/View.php, line 971
View::_render() - CORE/Cake/View/View.php, line 933
View::renderLayout() - CORE/Cake/View/View.php, line 546
View::render() - CORE/Cake/View/View.php, line 481
Controller::render() - CORE/Cake/Controller/Controller.php, line 963
Dispatcher::_invoke() - CORE/Cake/Routing/Dispatcher.php, line 200
Dispatcher::dispatch() - CORE/Cake/Routing/Dispatcher.php, line 167
[main] - APP/webroot/index.php, line 110

2019-11-11 08:51:52 Notice: Notice (8): Undefined variable: rand in [/mnt/stor14-wc1-ord1/946923/framework.oxfordcommunications.com/web/content/app/View/Layouts/default.ctp, line 19]
Trace:
ErrorHandler::handleError() - CORE/Cake/Error/ErrorHandler.php, line 230
include - APP/View/Layouts/default.ctp, line 19
View::_evaluate() - CORE/Cake/View/View.php, line 971
View::_render() - CORE/Cake/View/View.php, line 933
View::renderLayout() - CORE/Cake/View/View.php, line 546
View::render() - CORE/Cake/View/View.php, line 481
Controller::render() - CORE/Cake/Controller/Controller.php, line 963
Dispatcher::_invoke() - CORE/Cake/Routing/Dispatcher.php, line 200
Dispatcher::dispatch() - CORE/Cake/Routing/Dispatcher.php, line 167
[main] - APP/webroot/index.php, line 110

2019-11-11 08:51:52 Notice: Notice (8): Undefined variable: rand in [/mnt/stor14-wc1-ord1/946923/framework.oxfordcommunications.com/web/content/app/View/Layouts/default.ctp, line 20]
Trace:
ErrorHandler::handleError() - CORE/Cake/Error/ErrorHandler.php, line 230
include - APP/View/Layouts/default.ctp, line 20
View::_evaluate() - CORE/Cake/View/View.php, line 971
View::_render() - CORE/Cake/View/View.php, line 933
View::renderLayout() - CORE/Cake/View/View.php, line 546
View::render() - CORE/Cake/View/View.php, line 481
Controller::render() - CORE/Cake/Controller/Controller.php, line 963
Dispatcher::_invoke() - CORE/Cake/Routing/Dispatcher.php, line 200
Dispatcher::dispatch() - CORE/Cake/Routing/Dispatcher.php, line 167
[main] - APP/webroot/index.php, line 110

2019-11-14 10:05:36 Notice: Notice (8): Undefined index: zip in [/mnt/stor14-wc1-ord1/946923/framework.oxfordcommunications.com/web/content/app/Controller/SiteController.php, line 132]
Trace:
ErrorHandler::handleError() - CORE/Cake/Error/ErrorHandler.php, line 230
SiteController::beforeFilter() - APP/Controller/SiteController.php, line 132
CakeEventManager::dispatch() - CORE/Cake/Event/CakeEventManager.php, line 243
Controller::startupProcess() - CORE/Cake/Controller/Controller.php, line 677
Dispatcher::_invoke() - CORE/Cake/Routing/Dispatcher.php, line 189
Dispatcher::dispatch() - CORE/Cake/Routing/Dispatcher.php, line 167
[main] - APP/webroot/index.php, line 110

